2025-03-03 20:32:06,924 - INFO - String Encryption event
2025-03-04 01:36:30,186 - INFO - String Encryption event
2025-03-04 01:36:30,209 - INFO - Logged entry: dds
2025-03-04 01:59:11,185 - INFO - Get All Users Called
2025-03-04 01:59:37,667 - INFO - Get All Users Called
2025-03-04 01:59:43,923 - INFO - Get All Users Called
2025-03-04 01:59:58,213 - INFO - Get All Users Called
2025-03-04 02:05:02,909 - INFO - Get All Users Called
2025-03-04 02:05:55,877 - INFO - Get All Users Called
2025-03-04 02:05:59,822 - INFO - Get All Users Called
2025-03-04 02:08:44,203 - INFO - Get All Users Called
2025-03-04 02:09:37,554 - INFO - Get All Users Called
2025-03-04 02:10:01,439 - INFO - Get All Users Called
2025-03-04 02:16:18,522 - INFO - Get All Users Called
2025-03-04 02:25:49,483 - INFO - Get All Users Called
2025-03-04 02:25:58,010 - INFO - Get All Users Called
2025-03-04 15:31:08,691 - INFO - Get All Users Called
2025-03-04 15:31:18,753 - INFO - Get All Users Called
2025-03-04 22:53:36,214 - INFO - Get All Users Called
2025-03-04 22:54:05,182 - INFO - Get All Users Called
2025-03-04 22:54:36,656 - INFO - Get All Users Called
2025-03-04 22:55:34,843 - INFO - Get All Users Called
2025-03-04 23:12:41,097 - INFO - Get All Users Called
2025-03-04 23:12:55,048 - INFO - Get All Users Called
2025-03-04 23:13:14,404 - INFO - Get All Users Called
2025-03-04 23:13:34,105 - INFO - Get All Users Called
2025-03-04 23:14:42,726 - INFO - Get All Users Called
2025-03-04 23:14:42,727 - INFO - String Decryption Event
2025-03-04 23:14:54,884 - INFO - Get All Users Called
2025-03-04 23:14:54,885 - INFO - String Decryption Event
2025-03-04 23:17:53,362 - INFO - Get All Users Called
2025-03-04 23:18:10,473 - INFO - Get All Users Called
2025-03-04 23:18:42,682 - INFO - Get All Users Called
2025-03-04 23:18:42,682 - INFO - String Decryption Event
2025-03-04 23:39:24,345 - INFO - Get All Users Called
2025-03-04 23:39:24,347 - INFO - String Decryption Event
2025-03-04 23:39:43,294 - INFO - Get All Users Called
2025-03-04 23:39:43,295 - INFO - String Decryption Event
2025-03-04 23:40:32,696 - INFO - Get All Users Called
2025-03-04 23:40:58,766 - INFO - Get All Users Called
2025-03-05 01:50:43,918 - INFO - Get All Users Called
2025-03-05 01:55:22,495 - INFO - Get All Users Called
2025-03-05 01:56:41,341 - INFO - Get All Users Called
2025-03-05 01:56:56,828 - INFO - Get All Users Called
2025-03-05 01:57:03,849 - INFO - Get All Users Called
2025-03-05 01:57:17,270 - INFO - Get All Users Called
2025-03-05 01:58:02,484 - INFO - Get All Users Called
2025-03-05 01:58:11,485 - INFO - Get All Users Called
2025-03-05 01:58:19,426 - INFO - Get All Users Called
2025-03-05 02:02:24,876 - INFO - Get All Users Called
2025-03-05 02:11:51,806 - INFO - Get All Users Called
2025-03-05 02:25:17,153 - INFO - String Encryption event
2025-03-05 02:25:17,163 - INFO - Logged entry: test_change
2025-03-05 02:30:01,143 - INFO - String Encryption event
2025-03-05 02:30:01,148 - INFO - Logged entry: royaboya2
2025-03-05 02:38:44,758 - INFO - String Encryption event
2025-03-05 02:38:57,297 - INFO - Get All Users Called
2025-03-05 02:38:57,298 - INFO - String Decryption Event
